<?xml version="1.0" encoding="UTF-8"?>
<!-- Generated by org.testng.reporters.JUnitXMLReporter -->
<testsuite ignored="0" hostname="DESKTOP-GH8EBEI" failures="2" tests="2" name="Default test(failed)" time="19.766" errors="0" timestamp="2023-04-23T18:18:10 IST">
  <testcase classname="TestClass.Googlepractice" name="B" time="0.11">
    <failure type="java.lang.AssertionError" message="expected [search] but found [[[ChromeDriver: chrome on WINDOWS (f863fc045a3b0e1af8eca7f3b7eb4ecf)] -&amp;gt; xpath: //div[@class=&amp;apos;SDkEP&amp;apos;]]]">
      <![CDATA[java.lang.AssertionError: expected [search] but found [[[ChromeDriver: chrome on WINDOWS (f863fc045a3b0e1af8eca7f3b7eb4ecf)] -> xpath: //div[@class='SDkEP']]]
at TestClass.Googlepractice.B(Googlepractice.java:36)
at java.base/java.util.ArrayList.forEach(ArrayList.java:1511)
... Removed 30 stack frames]]>
    </failure>
  </testcase> <!-- B -->
  <testcase classname="TestClass.Googlepractice" name="GoogleText" time="0.081">
    <failure type="java.lang.AssertionError" message="expected [Google Search] but found [[[ChromeDriver: chrome on WINDOWS (0160280041feceed404db0669bad682b)] -&amp;gt; xpath: //div[@class=&amp;apos;FPdoLc lJ9FBc&amp;apos;]//input[@name=&amp;apos;btnK&amp;apos;]]]">
      <![CDATA[java.lang.AssertionError: expected [Google Search] but found [[[ChromeDriver: chrome on WINDOWS (0160280041feceed404db0669bad682b)] -> xpath: //div[@class='FPdoLc lJ9FBc']//input[@name='btnK']]]
at TestClass.Googlepractice.GoogleText(Googlepractice.java:49)
at java.base/java.util.ArrayList.forEach(ArrayList.java:1511)
... Removed 30 stack frames]]>
    </failure>
  </testcase> <!-- GoogleText -->
</testsuite> <!-- Default test(failed) -->
